app/build/intermediates/manifest_merge_blame_file/debug/manifest-merger-blame-debug-report.txt
1<?xml version="1.0" encoding="utf-8"?>
2<manifest xmlns:android="http://schemas.android.com/apk/res/android"
3    package="com.dam2.android_tutoriales_basicos"
4    android:versionCode="1"
5    android:versionName="1.0" >
6
7    <uses-sdk
8        android:minSdkVersion="22"
8-->src/main/AndroidManifest.xml
9        android:targetSdkVersion="29" />
9-->src/main/AndroidManifest.xml
10
11    <uses-permission
11-->src/main/AndroidManifest.xml:4:5-88
12        android:name="android.permission.CAMERA"
12-->src/main/AndroidManifest.xml:4:22-62
13        android:required="true" />
13-->src/main/AndroidManifest.xml:4:63-86
14
15    <application
15-->src/main/AndroidManifest.xml:6:5-30:19
16        android:allowBackup="true"
16-->src/main/AndroidManifest.xml:7:9-35
17        android:appComponentFactory="androidx.core.app.CoreComponentFactory"
17-->[androidx.core:core:1.0.2] AndroidManifest.xml:22:18-86
18        android:debuggable="true"
19        android:icon="@mipmap/ic_launcher"
19-->src/main/AndroidManifest.xml:8:9-43
20        android:label="@string/app_name"
20-->src/main/AndroidManifest.xml:9:9-41
21        android:roundIcon="@mipmap/ic_launcher_round"
21-->src/main/AndroidManifest.xml:10:9-54
22        android:supportsRtl="true"
22-->src/main/AndroidManifest.xml:11:9-35
23        android:testOnly="true"
24        android:theme="@style/AppTheme" >
24-->src/main/AndroidManifest.xml:12:9-40
25        <activity android:name="com.dam2.android_tutoriales_basicos.Activity_suma" />
25-->src/main/AndroidManifest.xml:13:9-60
25-->src/main/AndroidManifest.xml:13:19-48
26        <activity android:name="com.dam2.android_tutoriales_basicos.Tutorial4" />
26-->src/main/AndroidManifest.xml:14:9-47
26-->src/main/AndroidManifest.xml:14:19-44
27        <activity android:name="com.dam2.android_tutoriales_basicos.Tutorial3" />
27-->src/main/AndroidManifest.xml:15:9-47
27-->src/main/AndroidManifest.xml:15:19-44
28        <activity android:name="com.dam2.android_tutoriales_basicos.Tutorial2" />
28-->src/main/AndroidManifest.xml:16:9-47
28-->src/main/AndroidManifest.xml:16:19-44
29        <activity android:name="com.dam2.android_tutoriales_basicos.Tuto1_actividad2" />
29-->src/main/AndroidManifest.xml:17:9-54
29-->src/main/AndroidManifest.xml:17:19-51
30        <activity android:name="com.dam2.android_tutoriales_basicos.Tutorial1" />
30-->src/main/AndroidManifest.xml:18:9-47
30-->src/main/AndroidManifest.xml:18:19-44
31        <activity
31-->src/main/AndroidManifest.xml:19:9-22:59
32            android:name="com.dam2.android_tutoriales_basicos.tutorial1"
32-->src/main/AndroidManifest.xml:20:13-38
33            android:label="@string/title_activity_tutorial1"
33-->src/main/AndroidManifest.xml:21:13-61
34            android:theme="@style/AppTheme.NoActionBar" />
34-->src/main/AndroidManifest.xml:22:13-56
35        <activity android:name="com.dam2.android_tutoriales_basicos.MainActivity" >
35-->src/main/AndroidManifest.xml:23:9-29:20
35-->src/main/AndroidManifest.xml:23:19-47
36            <intent-filter>
36-->src/main/AndroidManifest.xml:24:13-28:29
37                <action android:name="android.intent.action.MAIN" />
37-->src/main/AndroidManifest.xml:25:17-69
37-->src/main/AndroidManifest.xml:25:25-66
38
39                <category android:name="android.intent.category.LAUNCHER" />
39-->src/main/AndroidManifest.xml:27:17-77
39-->src/main/AndroidManifest.xml:27:27-74
40            </intent-filter>
41        </activity>
42    </application>
43
44</manifest>